{
  context: undefined,
  stack: [ 'HttpExceptionFilter' ],
  url: '/article',
  method: 'POST',
  params: {},
  body: {
    title: '我的第一篇blo59 zhizhi51wefsdfds22',
    categories: [ '3', '2' ],
    keywords: 'node',
    content: 'hfjkshfjkshfjkslahfjksdhfjksd hfjskhfjks hjfksdhf s hjkhfjk sdhjk hjkhjk hjk  hjkhjk hh jkh jhjkh k hkj hjkhjkhjkhjk  hjkhjkhkj hjk hjkh jkh jk hhfjkshfjkshfjkslahfjksdhfjksd hfjskhfjks hjfksdhf s hjkhfjk sdhjk hjkhjk hjk  hjkhjk hh jkh jhhfjkshfjkshfjkslahfjksdhfjksd hfjskhfjks hjfksdhf s hjkhfjk sdhjk hjkhjk hjk  hjkhjk hh jkh jhjkh k hkj hjkhjkhjkhjk  hjkhjkhkj hjk hjkh jkh jk hhfjkshfjkshfjkslahfjksdhfjksd hfjskhfjks hjfksdhf s hjkhfjk sdhjk hjkhjk hjk  hjkhjk hh jkh jhjkh k hkj hjkhjkhjkhjk  hjkhjkhkj hjk hjkh jkh jk hhfjkshfjkshfjkslahfjksdhfjksd hfjskhfjks hjfksdhf s hjkhfjk sdhjk hjkhjk hjk  hjkhjk hh jkh jhjkh k hkj hjkhjkhjkhjk  hjkhjkhkj hjk hjkh jkh jk hjkh k hkj hjkhjkhjkhjk  hjkhjkhkj hjk hjkh jkh jk hhfjkshfjkshfjkslahfjksdhfjksd hfjskhfjks hjfksdhf s hjkhfjk sdhjk hjkhjk hjk  hjkhjk hh jkh jhjkh k hkj hjkhjkhjkhjk  hjkhjkhkj hjk hjkh jkh jk hhfjkshfjkshfjkslahfjksdhfjksd hfjskhfjks hjfksdhf s hjkhfjk sdhjk hjkhjk hjk  hjkhjk hh jkh jhjkh k hkj hjkhjkhjkhjk  hjkhjkhkj hjk hjkh jkh jk hhfjkshfjkshfjkslahfjksdhfjksd hfjskhfjks hjfksdhf s hjkhfjk sdhjk hjkhjk hjk  hjkhjk hh jkh jhjkh k hkj hjkhjkhjkhjk  hjkhjkhkj hjk hjkh jkh jk hhfjkshfjkshfjkslahfjksdhfjksd hfjskhfjks hjfksdhf s hjkhfjk sdhjk hjkhjk hjk  hjkhjk hh jkh jhjkh k hkj hjkhjkhjkhjk  hjkhjkhkj hjk hjkh jkh jk hhfjkshfjkshfjkslahfjksdhfjksd hfjskhfjks hjfksdhf s hjkhfjk sdhjk hjkhjk hjk  hjkhjk hh jkh jhjkh k hkj hjkhjkhjkhjk  hjkhjkhkj hjk hjkh jkh jk hhfjkshfjkshfjkslahfjksdhfjksd hfjskhfjks hjfksdhf s hjkhfjk sdhjk hjkhjk hjk  hjkhjk hh jkh jhjkh k hkj hjkhjkhjkhjk  hjkhjkhkj hjk hjkh jkh jk hhfjkshfjkshfjkslahfjksdhfjksd hfjskhfjks hjfksdhf s hjkhfjk sdhjk hjkhjk hjk  hjkhjk hh jkh jhjkh k hkj hjkhjkhjkhjk  hjkhjkhkj hjk hjkh jkh jk h'
  },
  data: {
    errNo: 500,
    errStr: 'The client noticed that the server is not a supported distribution of Elasticsearch',
    date: '2022-01-24T16:03:48.863Z',
    path: '/article'
  },
  level: 'error',
  message: undefined,
  timestamp: '1/25/2022, 12:00:41 AM1'
}
