{
  context: 'ResponseInterceptor',
  logId: 1643035071676,
  url: '/category/list',
  method: 'GET',
  query: {},
  params: {},
  body: {},
  data: {
    start: 1643035071681,
    end: 1643035071717,
    spend: 36,
    errNo: 0,
    data: {
      list: [
        CategoryEntity {
          id: 1,
          createTime: 2022-01-10T16:29:46.069Z,
          updateTime: 2022-01-10T16:29:46.069Z,
          deleted: 0,
          name: 'react',
          articlesLen: 0
        }
      ],
      total: 1
    },
    errStr: 'success'
  },
  level: 'info',
  message: undefined,
  timestamp: '1/24/2022, 10:37:34 P1'
}
{
  context: 'ResponseInterceptor',
  logId: 1643035145923,
  url: '/category/list',
  method: 'GET',
  query: {},
  params: {},
  body: {},
  data: {
    start: 1643035145928,
    end: 1643035145958,
    spend: 30,
    errNo: 0,
    data: {
      list: [
        CategoryEntity {
          id: 1,
          createTime: 2022-01-10T16:29:46.069Z,
          updateTime: 2022-01-10T16:29:46.069Z,
          deleted: 0,
          name: 'react',
          articlesLen: 0
        }
      ],
      total: 1
    },
    errStr: 'success'
  },
  level: 'info',
  message: undefined,
  timestamp: '1/24/2022, 10:38:50 P1'
}
{
  context: undefined,
  stack: [ 'HttpExceptionFilter' ],
  url: '/category/li%20st',
  method: 'GET',
  params: {},
  body: {},
  data: {
    errNo: 404,
    errStr: 'Cannot GET /category/li%20st',
    data: null,
    date: '2022-01-24T14:39:49.066Z',
    path: '/category/li%20st'
  },
  level: 'error',
  message: undefined,
  timestamp: '1/24/2022, 10:38:50 P1'
}
